<?xml version="1.0" encoding="UTF-8"?>
<!-- Generated by org.testng.reporters.JUnitXMLReporter -->
<testsuite ignored="0" hostname="anish-Latitude-3510" failures="1" tests="1" name="DataDrivenTesing" time="0.035" errors="0" timestamp="2023-03-19T09:53:52 IST">
  <testcase classname="POM.DataDrivens" name="BothCorrect" time="0.0">
    <failure type="org.testng.TestNGException" message="
Method public void POM.DataDrivens.BothCorrect() requires a @DataProvider named : loginData">
      <![CDATA[org.testng.TestNGException: 
Method public void POM.DataDrivens.BothCorrect() requires a @DataProvider named : loginData
at java.base/java.util.ArrayList.forEach(ArrayList.java:1511)
... Removed 24 stack frames]]>
    </failure>
  </testcase> <!-- BothCorrect -->
</testsuite> <!-- DataDrivenTesing -->
