<?xml version="1.0" encoding="UTF-8"?>
<!-- Generated by org.testng.reporters.JUnitXMLReporter -->
<testsuite ignored="0" hostname="anish-Latitude-3510" failures="0" tests="4" name="Login to Application" time="8.529" errors="0" timestamp="2023-03-19T12:43:48 IST">
  <testcase classname="DataDrivenFrameWork.DataDrivens" name="login" time="3.192"/>
  <testcase classname="DataDrivenFrameWork.DataDrivens" name="login" time="1.629"/>
  <testcase classname="DataDrivenFrameWork.DataDrivens" name="login" time="1.852"/>
  <testcase classname="DataDrivenFrameWork.DataDrivens" name="login" time="1.702"/>
</testsuite> <!-- Login to Application -->
