<?xml version="1.0" encoding="UTF-8"?>
<!-- Generated by org.testng.reporters.JUnitXMLReporter -->
<testsuite ignored="0" hostname="anish-Latitude-3510" failures="0" tests="4" name="PageObjectModel" time="69.257" errors="0" timestamp="2023-03-19T07:36:11 IST">
  <testcase classname="POM.BothCorrect" name="BothCorrectMethod" time="63.307"/>
  <testcase classname="POM.BothWrong" name="BothWrong" time="1.997"/>
  <testcase classname="POM.loginWithCorrectPassword" name="loginWithCorrectPassword" time="2.125"/>
  <testcase classname="POM.LoginwithCorrectUserName" name="LoginwithCorrectUserName" time="1.795"/>
</testsuite> <!-- PageObjectModel -->
