<?xml version="1.0" encoding="UTF-8"?>
<!-- Generated by org.testng.reporters.JUnitXMLReporter -->
<testsuite ignored="2" hostname="anish-Latitude-3510" failures="0" tests="15" name="Test" time="0.06" errors="0" timestamp="2023-03-16T11:52:19 IST">
  <testcase classname="TestNG.DependenciesManagement" name="Item" time="0.003"/>
  <testcase classname="TestNG.DependenciesManagement" name="Item3" time="0.001"/>
  <testcase classname="TestNG.DependenciesManagement" name="Item1" time="0.001"/>
  <testcase classname="TestNG.DependenciesManagement" name="Item2" time="0.0"/>
  <testcase classname="TestNG.DependenciesManagement" name="Item4" time="0.001"/>
  <testcase classname="TestNG.TestSuite" name="Item" time="0.001"/>
  <testcase classname="TestNG.TestSuite" name="Item3" time="0.001"/>
  <testcase classname="TestNG.Priority" name="Item" time="0.001"/>
  <testcase classname="TestNG.Priority" name="Item3" time="0.001"/>
  <testcase classname="TestNG.Priority" name="Item1" time="0.001"/>
  <testcase classname="TestNG.Priority" name="Item4" time="0.001"/>
  <testcase classname="TestNG.Priority" name="Item2" time="0.001"/>
  <testcase classname="TestNG.SkipTestcase" name="Item" time="0.001"/>
  <testcase classname="TestNG.SkipTestcase" name="Item3" time="0.001"/>
  <testcase classname="TestNG.SkipTestcase" name="Item4" time="0.001"/>
  <testcase classname="TestNG.SkipTestcase" name="Item1" time="0.0">
    <ignored/>
  </testcase> <!-- Item1 -->
  <testcase classname="TestNG.SkipTestcase" name="Item2" time="0.0">
    <ignored/>
  </testcase> <!-- Item2 -->
</testsuite> <!-- Test -->
