<?xml version="1.0" encoding="UTF-8"?>
<testng-results ignored="0" total="1" passed="1" failed="0" skipped="0">
  <reporter-output>
  </reporter-output>
  <suite started-at="2023-11-22T17:15:07 IST" name="Default suite" finished-at="2023-11-22T17:15:15 IST" duration-ms="8227">
    <groups>
    </groups>
    <test started-at="2023-11-22T17:15:07 IST" name="Default test" finished-at="2023-11-22T17:15:15 IST" duration-ms="8227">
      <class name="MiniProject.login">
        <test-method signature="InitiateOrdre()[pri:0, instance:MiniProject.login@383bfa16]" started-at="2023-11-22T17:15:07 IST" name="InitiateOrdre" finished-at="2023-11-22T17:15:15 IST" duration-ms="8200" status="PASS">
          <reporter-output>
          </reporter-output>
        </test-method> <!-- InitiateOrdre -->
      </class> <!-- MiniProject.login -->
    </test> <!-- Default test -->
  </suite> <!-- Default suite -->
</testng-results>
